[dotenv@17.3.1] injecting env (5) from .env -- tip: ΓÜÖ∩╕Å  override existing env vars with { override: true }
node : node:internal/m
odules/cjs/loader:1423
At line:1 char:1
+ node server.js > 
error.log 2>&1 ; cat 
error.log
+ ~~~~~~~~~~~~~~~~~~~~
~~~~~~~~~~~
    + CategoryInfo    
          : NotSpeci  
  fied: (node:inter   
 nal/modules/cjs/l    
oader:1423:String    
) [], RemoteExcep    
tion
    + FullyQualifiedE 
   rrorId : NativeCo  
  mmandError
 
  throw err;
  ^

Error: Cannot find 
module 'node-fetch'
Require stack:
- F:\Antigravity\Aceha
ck\controllers\tts.js
- F:\Antigravity\Aceha
ck\routes\tts.js
- F:\Antigravity\Aceha
ck\server.js
    at Module._resolve
Filename (node:interna
l/modules/cjs/loader:1
420:15)
    at 
defaultResolveImpl (no
de:internal/modules/cj
s/loader:1058:19)
    at resolveForCJSWi
thHooks (node:internal
/modules/cjs/loader:10
63:22)
    at Module._load (n
ode:internal/modules/c
js/loader:1226:37)
    at TracingChannel.
traceSync (node:diagno
stics_channel:328:14)
    at wrapModuleLoad 
(node:internal/modules
/cjs/loader:245:24)
    at Module.require 
(node:internal/modules
/cjs/loader:1503:12)
    at require (node:i
nternal/modules/helper
s:152:16)
    at 
Object.<anonymous> (F:
\Antigravity\Acehack\c
ontrollers\tts.js:1:15
)
    at 
Module._compile (node:
internal/modules/cjs/l
oader:1760:14) {
  code: 
'MODULE_NOT_FOUND',
  requireStack: [
    'F:\\Antigravity\\
Acehack\\controllers\\
tts.js',
    'F:\\Antigravity\\
Acehack\\routes\\tts.j
s',
    'F:\\Antigravity\\
Acehack\\server.js'
  ]
}

Node.js v25.1.0
